{"name": "test_add_product_to_cart", "status": "broken", "statusDetails": {"message": "selenium.common.exceptions.NoSuchWindowException: Message: no such window: target window already closed\nfrom unknown error: web view not found\n  (Session info: chrome=125.0.6422.176)\nStacktrace:\n\tGetHandleVerifier [0x00007FF662D81F52+60322]\n\t(No symbol) [0x00007FF662CFCEC9]\n\t(No symbol) [0x00007FF662BB7EBA]\n\t(No symbol) [0x00007FF662B8D5A5]\n\t(No symbol) [0x00007FF662C336B7]\n\t(No symbol) [0x00007FF662C4B331]\n\t(No symbol) [0x00007FF662C2BFC3]\n\t(No symbol) [0x00007FF662BF9617]\n\t(No symbol) [0x00007FF662BFA211]\n\tGetHandleVerifier [0x00007FF6630994AD+3301629]\n\tGetHandleVerifier [0x00007FF6630E36D3+3605283]\n\tGetHandleVerifier [0x00007FF6630D9450+3563680]\n\tGetHandleVerifier [0x00007FF662E34326+790390]\n\t(No symbol) [0x00007FF662D0750F]\n\t(No symbol) [0x00007FF662D03404]\n\t(No symbol) [0x00007FF662D03592]\n\t(No symbol) [0x00007FF662CF2F9F]\n\tBaseThreadInitThunk [0x00007FFB4CE57344+20]\n\tRtlUserThreadStart [0x00007FFB4D83CC91+33]", "trace": "driver = <selenium.webdriver.chrome.webdriver.WebDriver (session=\"dc980e24cef210da9176915f43d1b9d6\")>\n\n    @allure.feature('add product to cart')\n    @allure.story('search and add product to cart')\n    def test_add_product_to_cart(driver):\n        with allure.step('open_amazon_homepage'):\n            open_amazon_homepage(driver)\n        with allure.step('search for product'):\n>           search_for_product(driver, \"iphone13+256gb\")\n\ntest_search.py:34: \n_ _ _ _ _ _ _ _ _ _ _ _ _ _ _ _ _ _ _ _ _ _ _ _ _ _ _ _ _ _ _ _ _ _ _ _ _ _ _ _ _ _ _ _ _ _ _ _ _ _ _ _ _ _ _ _ _ _ _ _ _ _ _ _ _ _ _ _ _ _ _ _ _ _ _ _ _ _ _\n..\\amazon\\search.py:7: in search_for_product\n    search_box = driver.find_element(By.ID, \"twotabsearchtextbox\")\n..\\..\\..\\..\\PycharmProjects\\pythonProject\\.venv\\Lib\\site-packages\\selenium\\webdriver\\remote\\webdriver.py:741: in find_element\n    return self.execute(Command.FIND_ELEMENT, {\"using\": by, \"value\": value})[\"value\"]\n..\\..\\..\\..\\PycharmProjects\\pythonProject\\.venv\\Lib\\site-packages\\selenium\\webdriver\\remote\\webdriver.py:347: in execute\n    self.error_handler.check_response(response)\n_ _ _ _ _ _ _ _ _ _ _ _ _ _ _ _ _ _ _ _ _ _ _ _ _ _ _ _ _ _ _ _ _ _ _ _ _ _ _ _ _ _ _ _ _ _ _ _ _ _ _ _ _ _ _ _ _ _ _ _ _ _ _ _ _ _ _ _ _ _ _ _ _ _ _ _ _ _ _\n\nself = <selenium.webdriver.remote.errorhandler.ErrorHandler object at 0x0000021D99113230>\nresponse = {'status': 404, 'value': '{\"value\":{\"error\":\"no such window\",\"message\":\"no such window: target window already closed\\\\...07FF662CF2F9F]\\\\n\\\\tBaseThreadInitThunk [0x00007FFB4CE57344+20]\\\\n\\\\tRtlUserThreadStart [0x00007FFB4D83CC91+33]\\\\n\"}}'}\n\n    def check_response(self, response: Dict[str, Any]) -> None:\n        \"\"\"Checks that a JSON response from the WebDriver does not have an\n        error.\n    \n        :Args:\n         - response - The JSON response from the WebDriver server as a dictionary\n           object.\n    \n        :Raises: If the response contains an error message.\n        \"\"\"\n        status = response.get(\"status\", None)\n        if not status or status == ErrorCode.SUCCESS:\n            return\n        value = None\n        message = response.get(\"message\", \"\")\n        screen: str = response.get(\"screen\", \"\")\n        stacktrace = None\n        if isinstance(status, int):\n            value_json = response.get(\"value\", None)\n            if value_json and isinstance(value_json, str):\n                import json\n    \n                try:\n                    value = json.loads(value_json)\n                    if len(value) == 1:\n                        value = value[\"value\"]\n                    status = value.get(\"error\", None)\n                    if not status:\n                        status = value.get(\"status\", ErrorCode.UNKNOWN_ERROR)\n                        message = value.get(\"value\") or value.get(\"message\")\n                        if not isinstance(message, str):\n                            value = message\n                            message = message.get(\"message\")\n                    else:\n                        message = value.get(\"message\", None)\n                except ValueError:\n                    pass\n    \n        exception_class: Type[WebDriverException]\n        e = ErrorCode()\n        error_codes = [item for item in dir(e) if not item.startswith(\"__\")]\n        for error_code in error_codes:\n            error_info = getattr(ErrorCode, error_code)\n            if isinstance(error_info, list) and status in error_info:\n                exception_class = getattr(ExceptionMapping, error_code, WebDriverException)\n                break\n        else:\n            exception_class = WebDriverException\n    \n        if not value:\n            value = response[\"value\"]\n        if isinstance(value, str):\n            raise exception_class(value)\n        if message == \"\" and \"message\" in value:\n            message = value[\"message\"]\n    \n        screen = None  # type: ignore[assignment]\n        if \"screen\" in value:\n            screen = value[\"screen\"]\n    \n        stacktrace = None\n        st_value = value.get(\"stackTrace\") or value.get(\"stacktrace\")\n        if st_value:\n            if isinstance(st_value, str):\n                stacktrace = st_value.split(\"\\n\")\n            else:\n                stacktrace = []\n                try:\n                    for frame in st_value:\n                        line = frame.get(\"lineNumber\", \"\")\n                        file = frame.get(\"fileName\", \"<anonymous>\")\n                        if line:\n                            file = f\"{file}:{line}\"\n                        meth = frame.get(\"methodName\", \"<anonymous>\")\n                        if \"className\" in frame:\n                            meth = f\"{frame['className']}.{meth}\"\n                        msg = \"    at %s (%s)\"\n                        msg = msg % (meth, file)\n                        stacktrace.append(msg)\n                except TypeError:\n                    pass\n        if exception_class == UnexpectedAlertPresentException:\n            alert_text = None\n            if \"data\" in value:\n                alert_text = value[\"data\"].get(\"text\")\n            elif \"alert\" in value:\n                alert_text = value[\"alert\"].get(\"text\")\n            raise exception_class(message, screen, stacktrace, alert_text)  # type: ignore[call-arg]  # mypy is not smart enough here\n>       raise exception_class(message, screen, stacktrace)\nE       selenium.common.exceptions.NoSuchWindowException: Message: no such window: target window already closed\nE       from unknown error: web view not found\nE         (Session info: chrome=125.0.6422.176)\nE       Stacktrace:\nE       \tGetHandleVerifier [0x00007FF662D81F52+60322]\nE       \t(No symbol) [0x00007FF662CFCEC9]\nE       \t(No symbol) [0x00007FF662BB7EBA]\nE       \t(No symbol) [0x00007FF662B8D5A5]\nE       \t(No symbol) [0x00007FF662C336B7]\nE       \t(No symbol) [0x00007FF662C4B331]\nE       \t(No symbol) [0x00007FF662C2BFC3]\nE       \t(No symbol) [0x00007FF662BF9617]\nE       \t(No symbol) [0x00007FF662BFA211]\nE       \tGetHandleVerifier [0x00007FF6630994AD+3301629]\nE       \tGetHandleVerifier [0x00007FF6630E36D3+3605283]\nE       \tGetHandleVerifier [0x00007FF6630D9450+3563680]\nE       \tGetHandleVerifier [0x00007FF662E34326+790390]\nE       \t(No symbol) [0x00007FF662D0750F]\nE       \t(No symbol) [0x00007FF662D03404]\nE       \t(No symbol) [0x00007FF662D03592]\nE       \t(No symbol) [0x00007FF662CF2F9F]\nE       \tBaseThreadInitThunk [0x00007FFB4CE57344+20]\nE       \tRtlUserThreadStart [0x00007FFB4D83CC91+33]\n\n..\\..\\..\\..\\PycharmProjects\\pythonProject\\.venv\\Lib\\site-packages\\selenium\\webdriver\\remote\\errorhandler.py:229: NoSuchWindowException"}, "steps": [{"name": "open_amazon_homepage", "status": "passed", "start": 1718712849496, "stop": 1718712850644}, {"name": "search for product", "status": "broken", "statusDetails": {"message": "selenium.common.exceptions.NoSuchWindowException: Message: no such window: target window already closed\nfrom unknown error: web view not found\n  (Session info: chrome=125.0.6422.176)\nStacktrace:\n\tGetHandleVerifier [0x00007FF662D81F52+60322]\n\t(No symbol) [0x00007FF662CFCEC9]\n\t(No symbol) [0x00007FF662BB7EBA]\n\t(No symbol) [0x00007FF662B8D5A5]\n\t(No symbol) [0x00007FF662C336B7]\n\t(No symbol) [0x00007FF662C4B331]\n\t(No symbol) [0x00007FF662C2BFC3]\n\t(No symbol) [0x00007FF662BF9617]\n\t(No symbol) [0x00007FF662BFA211]\n\tGetHandleVerifier [0x00007FF6630994AD+3301629]\n\tGetHandleVerifier [0x00007FF6630E36D3+3605283]\n\tGetHandleVerifier [0x00007FF6630D9450+3563680]\n\tGetHandleVerifier [0x00007FF662E34326+790390]\n\t(No symbol) [0x00007FF662D0750F]\n\t(No symbol) [0x00007FF662D03404]\n\t(No symbol) [0x00007FF662D03592]\n\t(No symbol) [0x00007FF662CF2F9F]\n\tBaseThreadInitThunk [0x00007FFB4CE57344+20]\n\tRtlUserThreadStart [0x00007FFB4D83CC91+33]\n\n", "trace": "  File \"C:\\Users\\PRATHIKSHA\\Desktop\\pytest_automation\\pythonProject\\tests\\test_search.py\", line 34, in test_add_product_to_cart\n    search_for_product(driver, \"iphone13+256gb\")\n  File \"C:\\Users\\PRATHIKSHA\\Desktop\\pytest_automation\\pythonProject\\amazon\\search.py\", line 7, in search_for_product\n    search_box = driver.find_element(By.ID, \"twotabsearchtextbox\")\n                 ^^^^^^^^^^^^^^^^^^^^^^^^^^^^^^^^^^^^^^^^^^^^^^^^^\n  File \"C:\\Users\\PRATHIKSHA\\PycharmProjects\\pythonProject\\.venv\\Lib\\site-packages\\selenium\\webdriver\\remote\\webdriver.py\", line 741, in find_element\n    return self.execute(Command.FIND_ELEMENT, {\"using\": by, \"value\": value})[\"value\"]\n           ^^^^^^^^^^^^^^^^^^^^^^^^^^^^^^^^^^^^^^^^^^^^^^^^^^^^^^^^^^^^^^^^^\n  File \"C:\\Users\\PRATHIKSHA\\PycharmProjects\\pythonProject\\.venv\\Lib\\site-packages\\selenium\\webdriver\\remote\\webdriver.py\", line 347, in execute\n    self.error_handler.check_response(response)\n  File \"C:\\Users\\PRATHIKSHA\\PycharmProjects\\pythonProject\\.venv\\Lib\\site-packages\\selenium\\webdriver\\remote\\errorhandler.py\", line 229, in check_response\n    raise exception_class(message, screen, stacktrace)\n"}, "start": 1718712850644, "stop": 1718712850664}], "start": 1718712849495, "stop": 1718712850825, "uuid": "64d1704f-3d9e-4e6f-9e78-1a53dc29df3c", "historyId": "a10285cb4f15276fd47788a59de9e3e9", "testCaseId": "a10285cb4f15276fd47788a59de9e3e9", "fullName": "tests.test_search#test_add_product_to_cart", "labels": [{"name": "story", "value": "search and add product to cart"}, {"name": "feature", "value": "add product to cart"}, {"name": "parentSuite", "value": "tests"}, {"name": "suite", "value": "test_search"}, {"name": "host", "value": "DESKTOP-PESPH7P"}, {"name": "thread", "value": "9656-MainThread"}, {"name": "framework", "value": "pytest"}, {"name": "language", "value": "cpython3"}, {"name": "package", "value": "tests.test_search"}]}