{"name": "test_add_product_to_cart", "status": "failed", "statusDetails": {"message": "AssertionError: item was not added", "trace": "driver = <selenium.webdriver.chrome.webdriver.WebDriver (session=\"8191f1baf2c364158f773b2b860f27cc\")>\n\n    @allure.feature('search feature')\n    @allure.story('search for a product')\n    def test_add_product_to_cart(driver):\n        with allure.step('open_amazon_homepage'):\n            open_amazon_homepage(driver)\n        with allure.step('search for product'):\n            search_for_product(driver, \"iphone13+256gb\")\n        print(select_product(driver, \"Apple\"))\n        with allure.step('switch window'):\n            switch_window(driver)\n        with allure.step('add items to cart'):\n>           add_items_to_cart(driver)\n\ntests\\test_search.py:38: \n_ _ _ _ _ _ _ _ _ _ _ _ _ _ _ _ _ _ _ _ _ _ _ _ _ _ _ _ _ _ _ _ _ _ _ _ _ _ _ _ _ _ _ _ _ _ _ _ _ _ _ _ _ _ _ _ _ _ _ _ _ _ _ _ _ _ _ _ _ _ _ _ _ _ _ _ _ _ _\n\ndriver = <selenium.webdriver.chrome.webdriver.WebDriver (session=\"8191f1baf2c364158f773b2b860f27cc\")>\n\n    def add_items_to_cart(driver):\n        wait = WebDriverWait(driver, 15)\n        add_to_cart_button = wait.until(EC.element_to_be_clickable((By.XPATH, \"//input[@id='add-to-cart-button'][@type='submit']\")))\n        add_to_cart_button.click()\n>       assert \"Added to Cart\" in driver.page_source, \"item was not added\"\nE       AssertionError: item was not added\n\namazon\\add_item_to_cart.py:10: AssertionError"}, "steps": [{"name": "open_amazon_homepage", "status": "passed", "start": 1718649327540, "stop": 1718649336442}, {"name": "search for product", "status": "passed", "start": 1718649336442, "stop": 1718649357044}, {"name": "switch window", "status": "passed", "start": 1718649359821, "stop": 1718649359876}, {"name": "add items to cart", "status": "failed", "statusDetails": {"message": "AssertionError: item was not added\n", "trace": "  File \"C:\\Users\\PRATHIKSHA\\Desktop\\pytest_automation\\pythonProject\\tests\\test_search.py\", line 38, in test_add_product_to_cart\n    add_items_to_cart(driver)\n  File \"C:\\Users\\PRATHIKSHA\\Desktop\\pytest_automation\\pythonProject\\amazon\\add_item_to_cart.py\", line 10, in add_items_to_cart\n    assert \"Added to Cart\" in driver.page_source, \"item was not added\"\n           ^^^^^^^^^^^^^^^^^^^^^^^^^^^^^^^^^^^^^\n"}, "start": 1718649359876, "stop": 1718649382377}], "attachments": [{"name": "stdout", "source": "0298f6c3-e4ab-421a-98a6-21974cc3a51f-attachment.txt", "type": "text/plain"}], "start": 1718649327539, "stop": 1718649382386, "uuid": "ef91ce07-8a51-4b65-b755-e80fc603ca94", "historyId": "a10285cb4f15276fd47788a59de9e3e9", "testCaseId": "a10285cb4f15276fd47788a59de9e3e9", "fullName": "tests.test_search#test_add_product_to_cart", "labels": [{"name": "feature", "value": "search feature"}, {"name": "story", "value": "search for a product"}, {"name": "parentSuite", "value": "tests"}, {"name": "suite", "value": "test_search"}, {"name": "host", "value": "DESKTOP-PESPH7P"}, {"name": "thread", "value": "15176-MainThread"}, {"name": "framework", "value": "pytest"}, {"name": "language", "value": "cpython3"}, {"name": "package", "value": "tests.test_search"}]}